<?xml version="1.0" encoding="UTF-8"?>
<testng-results skipped="0" failed="1" total="2" passed="1">
  <reporter-output>
  </reporter-output>
  <suite name="忆教亿学" duration-ms="4075" started-at="2020-04-22T04:55:57Z" finished-at="2020-04-22T04:56:01Z">
    <groups>
    </groups>
    <test name="登录模块" duration-ms="4059" started-at="2020-04-22T04:55:57Z" finished-at="2020-04-22T04:56:01Z">
      <class name="com.sq.api_auto.copy.RegisterTestCase">
        <test-method status="PASS" signature="test(java.lang.String, java.lang.String, java.lang.String, java.lang.String)[pri:0, instance:com.sq.api_auto.copy.RegisterTestCase@28864e92]" name="test" duration-ms="3566" started-at="2020-04-22T12:55:57Z" data-provider="datas" finished-at="2020-04-22T12:56:01Z">
          <params>
            <param index="0">
              <value>
                <![CDATA[1]]>
              </value>
            </param>
            <param index="1">
              <value>
                <![CDATA[1]]>
              </value>
            </param>
            <param index="2">
              <value>
                <![CDATA[{"username": "15990152274", "password": "123456","ostype":"3","devicetoken":"teacher"}]]>
              </value>
            </param>
            <param index="3">
              <value>
                <![CDATA[0]]>
              </value>
            </param>
          </params>
          <reporter-output>
          </reporter-output>
        </test-method> <!-- test -->
      </class> <!-- com.sq.api_auto.copy.RegisterTestCase -->
    </test> <!-- 登录模块 -->
    <test name="创建作业模块" duration-ms="3" started-at="2020-04-22T04:56:01Z" finished-at="2020-04-22T04:56:01Z">
      <class name="com.sq.api_auto.copy.CreateHomeWork">
        <test-method status="FAIL" signature="test(java.lang.String, java.lang.String, java.lang.String, java.lang.String)[pri:0, instance:com.sq.api_auto.copy.CreateHomeWork@5e025e70]" name="test" duration-ms="1" started-at="2020-04-22T12:56:01Z" data-provider="datas" finished-at="2020-04-22T12:56:01Z">
          <params>
            <param index="0">
              <value>
                <![CDATA[2]]>
              </value>
            </param>
            <param index="1">
              <value>
                <![CDATA[2]]>
              </value>
            </param>
            <param index="2">
              <value>
                <![CDATA[{
 "subjectid": "13",
 "questionlist": [["choice",[{"level":"1","id":"53286","requireprocess":"false"}]],[]],
"name": "作业03",
"action": "add"
}]]>
              </value>
            </param>
            <param index="3">
              <value>
                <![CDATA[0]]>
              </value>
            </param>
          </params>
          <exception class="java.lang.ClassCastException">
            <message>
              <![CDATA[com.alibaba.fastjson.JSONArray cannot be cast to java.lang.String]]>
            </message>
            <full-stacktrace>
              <![CDATA[java.lang.ClassCastException: com.alibaba.fastjson.JSONArray cannot be cast to java.lang.String
	at com.sq.api_auto.copy.HttpUtil.doPost(HttpUtil.java:48)
	at com.sq.api_auto.copy.HttpUtil.doService(HttpUtil.java:144)
	at com.sq.api_auto.copy.BaseProcessor.test(BaseProcessor.java:26)
	at sun.reflect.NativeMethodAccessorImpl.invoke0(Native Method)
	at sun.reflect.NativeMethodAccessorImpl.invoke(Unknown Source)
	at sun.reflect.DelegatingMethodAccessorImpl.invoke(Unknown Source)
	at java.lang.reflect.Method.invoke(Unknown Source)
	at org.testng.internal.MethodInvocationHelper.invokeMethod(MethodInvocationHelper.java:85)
	at org.testng.internal.Invoker.invokeMethod(Invoker.java:639)
	at org.testng.internal.Invoker.invokeTestMethod(Invoker.java:816)
	at org.testng.internal.Invoker.invokeTestMethods(Invoker.java:1124)
	at org.testng.internal.TestMethodWorker.invokeTestMethods(TestMethodWorker.java:125)
	at org.testng.internal.TestMethodWorker.run(TestMethodWorker.java:108)
	at org.testng.TestRunner.privateRun(TestRunner.java:774)
	at org.testng.TestRunner.run(TestRunner.java:624)
	at org.testng.SuiteRunner.runTest(SuiteRunner.java:359)
	at org.testng.SuiteRunner.runSequentially(SuiteRunner.java:354)
	at org.testng.SuiteRunner.privateRun(SuiteRunner.java:312)
	at org.testng.SuiteRunner.run(SuiteRunner.java:261)
	at org.testng.SuiteRunnerWorker.runSuite(SuiteRunnerWorker.java:52)
	at org.testng.SuiteRunnerWorker.run(SuiteRunnerWorker.java:86)
	at org.testng.TestNG.runSuitesSequentially(TestNG.java:1191)
	at org.testng.TestNG.runSuitesLocally(TestNG.java:1116)
	at org.testng.TestNG.run(TestNG.java:1024)
	at org.testng.remote.RemoteTestNG.run(RemoteTestNG.java:112)
	at org.testng.remote.RemoteTestNG.initAndRun(RemoteTestNG.java:205)
	at org.testng.remote.RemoteTestNG.main(RemoteTestNG.java:176)
]]>
            </full-stacktrace>
          </exception> <!-- java.lang.ClassCastException -->
          <reporter-output>
          </reporter-output>
        </test-method> <!-- test -->
        <test-method status="PASS" signature="batchWriteBackDtas()[pri:0, instance:com.sq.api_auto.copy.CreateHomeWork@5e025e70]" name="batchWriteBackDtas" is-config="true" duration-ms="135" started-at="2020-04-22T12:56:01Z" finished-at="2020-04-22T12:56:01Z">
          <reporter-output>
          </reporter-output>
        </test-method> <!-- batchWriteBackDtas -->
      </class> <!-- com.sq.api_auto.copy.CreateHomeWork -->
    </test> <!-- 创建作业模块 -->
  </suite> <!-- 忆教亿学 -->
</testng-results>
