<?xml version="1.0" encoding="UTF-8"?>
<!-- Generated by org.testng.reporters.JUnitXMLReporter -->
<testsuite hostname="LAPTOP-F8N7Q19U" name="创建作业模块" tests="1" failures="1" timestamp="22 Apr 2020 04:56:01 GMT" time="0.003" errors="0">
  <testcase name="test" time="0.001" classname="com.sq.api_auto.copy.CreateHomeWork">
    <failure type="java.lang.ClassCastException" message="com.alibaba.fastjson.JSONArray cannot be cast to java.lang.String">
      <![CDATA[java.lang.ClassCastException: com.alibaba.fastjson.JSONArray cannot be cast to java.lang.String
	at com.sq.api_auto.copy.HttpUtil.doPost(HttpUtil.java:48)
	at com.sq.api_auto.copy.HttpUtil.doService(HttpUtil.java:144)
	at com.sq.api_auto.copy.BaseProcessor.test(BaseProcessor.java:26)
... Removed 24 stack frames]]>
    </failure>
  </testcase> <!-- test -->
</testsuite> <!-- 创建作业模块 -->
